
heart_beat_kill_pid = 5940
heart_beat_timeout = 11
heart: Fri Dec 12 04:04:14 2014: heart-beat time-out, no activity for 3596 seconds
/usr/local/Cellar/couchdb/1.6.1_1/bin/couchdb: line 343: echo: write error: Broken pipe
heart: Fri Dec 12 04:04:15 2014: Executed "/usr/local/Cellar/couchdb/1.6.1_1/bin/couchdb -k" -> 256. Terminating.

heart_beat_kill_pid = 15955
heart_beat_timeout = 11
heart: Fri Dec 12 11:57:46 2014: Erlang has closed.
/usr/local/Cellar/couchdb/1.6.1_1/bin/couchdb: line 343: echo: write error: Broken pipe
heart: Fri Dec 12 11:57:46 2014: Executed "/usr/local/Cellar/couchdb/1.6.1_1/bin/couchdb -k" -> 256. Terminating.

heart_beat_kill_pid = 16085
heart_beat_timeout = 11
heart: Fri Dec 12 11:58:47 2014: Erlang has closed.
/usr/local/Cellar/couchdb/1.6.1_1/bin/couchdb: line 343: echo: write error: Broken pipe
heart: Fri Dec 12 11:58:47 2014: Executed "/usr/local/Cellar/couchdb/1.6.1_1/bin/couchdb -k" -> 256. Terminating.

heart_beat_kill_pid = 18979
heart_beat_timeout = 11
heart: Fri Dec 12 15:28:27 2014: Erlang has closed.
/usr/local/Cellar/couchdb/1.6.1_1/bin/couchdb: line 343: echo: write error: Broken pipe
heart: Fri Dec 12 15:28:27 2014: Executed "/usr/local/Cellar/couchdb/1.6.1_1/bin/couchdb -k" -> 256. Terminating.

heart_beat_kill_pid = 19094
heart_beat_timeout = 11
heart: Fri Dec 12 15:34:49 2014: Erlang has closed.
/usr/local/Cellar/couchdb/1.6.1_1/bin/couchdb: line 343: echo: write error: Broken pipe
heart: Fri Dec 12 15:34:49 2014: Executed "/usr/local/Cellar/couchdb/1.6.1_1/bin/couchdb -k" -> 256. Terminating.
